<?xml version="1.0" encoding="UTF-8"?>
<!-- Generated by org.testng.reporters.JUnitReportReporter -->
<testsuite hostname="TYC1121225" failures="0" tests="1" name="basicexamples.CalenderPopUp" time="5.772" errors="0" timestamp="2023-02-09T15:09:26 IST" skipped="0">
  <testcase classname="basicexamples.CalenderPopUp" name="demo" time="5.772"/>
  <system-out/>
</testsuite> <!-- basicexamples.CalenderPopUp -->
