<?xml version="1.0" encoding="UTF-8"?>
<!-- Generated by org.testng.reporters.JUnitReportReporter -->
<testsuite hostname="TYC1121225" failures="0" tests="1" name="vtiger.DBConnect.ToExecuteQuerry" time="0.371" errors="0" timestamp="2023-02-07T18:03:51 IST" skipped="0">
  <testcase classname="vtiger.DBConnect.ToExecuteQuerry" name="executeQuerry" time="0.371"/>
  <system-out/>
</testsuite> <!-- vtiger.DBConnect.ToExecuteQuerry -->
