<?xml version="1.0" encoding="UTF-8"?>
<!-- Generated by org.testng.reporters.JUnitReportReporter -->
<testsuite hostname="TYC1121225" failures="0" tests="1" name="basicexamples.CalenderPopUp" time="71.026" errors="0" timestamp="2023-02-14T14:16:33 IST" skipped="0">
  <testcase classname="basicexamples.CalenderPopUp" name="demo" time="71.026"/>
  <system-out/>
</testsuite> <!-- basicexamples.CalenderPopUp -->
