<?xml version="1.0" encoding="UTF-8"?>
<!-- Generated by org.testng.reporters.JUnitReportReporter -->
<testsuite hostname="TYC1121225" failures="0" tests="1" name="products_module_Test.CreateProductByVendorDetails" time="79.915" errors="0" timestamp="2023-02-15T14:23:44 IST" skipped="0">
  <testcase classname="products_module_Test.CreateProductByVendorDetails" name="createProductByVendorDetails" time="79.915"/>
  <system-out/>
</testsuite> <!-- products_module_Test.CreateProductByVendorDetails -->
